[2m15:37:06[22m [34m[content][39m Syncing content
[2m15:37:06[22m [34m[content][39m Synced content
[2m15:37:06[22m [34m[types][39m Generated [2m53ms[22m
[2m15:37:06[22m [34m[build][39m output: [34m"static"[39m
[2m15:37:06[22m [34m[build][39m mode: [34m"static"[39m
[2m15:37:06[22m [34m[build][39m directory: [34mC:\Users\Daniel\Documents\thermowerk-website\dist\[39m
[2m15:37:06[22m [34m[build][39m Collecting build info...
[2m15:37:06[22m [34m[build][39m [32m✓ Completed in 81ms.[39m
[2m15:37:06[22m [34m[build][39m Building static entrypoints...
[2m15:37:07[22m [34m[vite][39m [32m✓ built in 1.21s[39m
[2m15:37:07[22m [34m[build][39m [32m✓ Completed in 1.24s.[39m

[42m[30m building client (vite) [39m[49m
[2m15:37:07[22m [34m[vite][39m transforming...
[2m15:37:08[22m [34m[vite][39m [32m✓[39m 27 modules transformed.
[2m15:37:08[22m [34m[vite][39m rendering chunks...
[2m15:37:08[22m [34m[vite][39m computing gzip size...
[2m15:37:08[22m [34m[vite][39m [2mdist/[22m[36m_astro/compute.DrerCSOV.js                                                 [39m[1m[2m 23.00 kB[22m[1m[22m[2m │ gzip:  8.07 kB[22m
[2m15:37:08[22m [34m[vite][39m [2mdist/[22m[36m_astro/heizlast.astro_astro_type_script_index_0_lang.CFrup37n.js           [39m[1m[2m 42.68 kB[22m[1m[22m[2m │ gzip: 11.89 kB[22m
[2m15:37:08[22m [34m[vite][39m [2mdist/[22m[36m_astro/Section5aDiagramm.astro_astro_type_script_index_0_lang.D81KKsos.js  [39m[1m[2m213.08 kB[22m[1m[22m[2m │ gzip: 73.08 kB[22m
[2m15:37:08[22m [34m[vite][39m [32m✓ built in 718ms[39m

[42m[30m generating static routes [39m[49m
[2m15:37:08[22m [32m▶[39m src/pages/datenschutz.astro
[2m15:37:08[22m   [34m└─[39m [2m/datenschutz/index.html[22m [2m(+187ms)[22m 
[2m15:37:08[22m [32m▶[39m src/pages/heizlast.astro
[2m15:37:08[22m   [34m└─[39m [2m/heizlast/index.html[22m [2m(+6ms)[22m 
[2m15:37:08[22m [32m▶[39m src/pages/impressum.astro
[2m15:37:08[22m   [34m└─[39m [2m/impressum/index.html[22m [2m(+87ms)[22m 
[2m15:37:09[22m [32m▶[39m src/pages/index.astro
[2m15:37:09[22m   [34m└─[39m [2m/index.html[22m [2m(+70ms)[22m 
[2m15:37:09[22m [32m✓ Completed in 490ms.
[39m
[2m15:37:09[22m [34m[build][39m 4 page(s) built in [1m2.56s[22m
[2m15:37:09[22m [34m[build][39m [1mComplete![22m
